#
# A fatal error has been detected by the Java Runtime Environment:
#
#  SIGSEGV (0xb) at pc=0xb6bb2448, pid=21568, tid=1782577984
#
# JRE version: OpenJDK Runtime Environment (7.0_65-b32) (build 1.7.0_65-b32)
# Java VM: OpenJDK Server VM (24.65-b04 mixed mode linux-x86 )
# Derivative: IcedTea 2.5.3
# Distribution: Ubuntu 14.04 LTS, package 7u71-2.5.3-0ubuntu0.14.04.1
# Problematic frame:
# V  [libjvm.so+0x4b4448]  java_lang_String::utf8_length(oopDesc*)+0x58
#
# Failed to write core dump. Core dumps have been disabled. To enable core dumping, try "ulimit -c unlimited" before starting Java again
#
# If you would like to submit a bug report, please include
# instructions on how to reproduce the bug and visit:
#   http://icedtea.classpath.org/bugzilla
#

---------------  T H R E A D  ---------------

Current thread (0x6a6a8800):  JavaThread "JDWP Transport Listener: dt_socket" daemon [_thread_in_vm, id=21585, stack(0x6a3af000,0x6a400000)]

siginfo:si_signo=SIGSEGV: si_errno=0, si_code=1 (SEGV_MAPERR), si_addr=0x00000008

Registers:
EAX=0x9ea23c70, EBX=0xb713c000, ECX=0x00000000, EDX=0x00000000
ESP=0x6a3fef40, EBP=0x6a3fefd8, ESI=0x00000000, EDI=0x6a402808
EIP=0xb6bb2448, EFLAGS=0x00010246, CR2=0x00000008

Top of Stack: (sp=0x6a3fef40)
0x6a3fef40:   6a6a8800 00000000 6a3fef78 b63ea89f
0x6a3fef50:   b6bb23f9 b713c000 6a6a8800 b6bc0c76
0x6a3fef60:   9ea23c70 00000001 b63ea82b b63ff000
0x6a3fef70:   6a402808 6a3ff02c 6a3fefa8 9ea23c70
0x6a3fef80:   6a6a8800 00000000 6a3fefb8 00000000
0x6a3fef90:   00000190 6d200878 b63e9c5b b63ff000
0x6a3fefa0:   6a6a8928 6a402808 6a3fefd8 b63c920c
0x6a3fefb0:   6a6a8928 6a402808 00000000 b63de96c 

Instructions: (pc=0xb6bb2448)
0xb6bb2428:   10 8d 4c 4e 0c 31 c0 85 d2 0f 45 c1 89 54 24 04
0xb6bb2438:   89 04 24 e8 30 2b 33 00 83 c4 14 5b 5e c3 66 90
0xb6bb2448:   8b 56 08 eb dc 90 66 90 56 31 c9 53 e8 97 5e c0
0xb6bb2458:   ff 81 c3 a7 9b 58 00 83 ec 14 8b 44 24 20 8b 93 

Register to memory mapping:

EAX=0x9ea23c70 is an oop
java.lang.String 
 - klass: 'java/lang/String'
EBX=0xb713c000: <offset 0xa3e000> in /usr/lib/jvm/java-7-openjdk-i386/jre/lib/i386/server/libjvm.so at 0xb66fe000
ECX=0x00000000 is an unknown value
EDX=0x00000000 is an unknown value
ESP=0x6a3fef40 is pointing into the stack for thread: 0x6a6a8800
EBP=0x6a3fefd8 is pointing into the stack for thread: 0x6a6a8800
ESI=0x00000000 is an unknown value
EDI=0x6a402808 is a global jni handle


Stack: [0x6a3af000,0x6a400000],  sp=0x6a3fef40,  free space=319k
Native frames: (J=compiled Java code, j=interpreted, Vv=VM code, C=native code)
V  [libjvm.so+0x4b4448]  java_lang_String::utf8_length(oopDesc*)+0x58
C  [libjdwp.so+0x12689]
C  [libjdwp.so+0x25aaf]
C  [libjdwp.so+0x25f4c]


---------------  P R O C E S S  ---------------

Java Threads: ( => current thread )
  0x6a6b0800 JavaThread "Service Thread" daemon [_thread_blocked, id=21594, stack(0x6a0ad000,0x6a0fe000)]
  0x6a6aec00 JavaThread "C2 CompilerThread1" daemon [_thread_blocked, id=21593, stack(0x6a0fe000,0x6a17f000)]
  0x6a6acc00 JavaThread "C2 CompilerThread0" daemon [_thread_blocked, id=21592, stack(0x6a17f000,0x6a200000)]
  0x6a400800 JavaThread "JDWP Command Reader" daemon [_thread_in_native, id=21589, stack(0x6a30d000,0x6a35e000)]
  0x6a6ab000 JavaThread "JDWP Event Helper Thread" daemon [_thread_blocked, id=21588, stack(0x6a35e000,0x6a3af000)]
=>0x6a6a8800 JavaThread "JDWP Transport Listener: dt_socket" daemon [_thread_in_vm, id=21585, stack(0x6a3af000,0x6a400000)]
  0x6a69fc00 JavaThread "Signal Dispatcher" daemon [_thread_blocked, id=21583, stack(0x6a52e000,0x6a57f000)]
  0x6a68d400 JavaThread "Finalizer" daemon [_thread_blocked, id=21581, stack(0x6a70a000,0x6a75b000)]
  0x6a68bc00 JavaThread "Reference Handler" daemon [_thread_blocked, id=21580, stack(0x6d12e000,0x6d17f000)]
  0xb6409800 JavaThread "main" [_thread_blocked, id=21574, stack(0xb6561000,0xb65b2000)]

Other Threads:
  0x6a689400 VMThread [stack: 0x6a57f000,0x6a600000] [id=21579]
  0x6a6b2c00 WatcherThread [stack: 0x6a02c000,0x6a0ad000] [id=21595]

VM state:not at safepoint (normal execution)

VM Mutex/Monitor currently owned by a thread: None

Heap
 PSYoungGen      total 18432K, used 1912K [0x9e880000, 0x9fd00000, 0xb2f40000)
  eden space 15872K, 12% used [0x9e880000,0x9ea5e0a8,0x9f800000)
  from space 2560K, 0% used [0x9fa80000,0x9fa80000,0x9fd00000)
  to   space 2560K, 0% used [0x9f800000,0x9f800000,0x9fa80000)
 ParOldGen       total 41728K, used 0K [0x75b40000, 0x78400000, 0x9e880000)
  object space 41728K, 0% used [0x75b40000,0x75b40000,0x78400000)
 PSPermGen       total 16384K, used 2619K [0x6db40000, 0x6eb40000, 0x75b40000)
  object space 16384K, 15% used [0x6db40000,0x6ddcef68,0x6eb40000)

Card table byte_map: [0x6d915000,0x6db40000] byte_map_base: 0x6d5a7600

Polling page: 0xb776b000

Code Cache  [0xb302a000, 0xb326a000, 0xb602a000)
 total_blobs=127 nmethods=4 adapters=85 free_code_cache=48847Kb largest_free_block=50001216

Compilation events (8 events):
Event: 0,125 Thread 0x6a6acc00    1             java.lang.String::indexOf (70 bytes)
Event: 0,127 Thread 0x6a6aec00    2             sun.nio.cs.UTF_8$Encoder::encode (361 bytes)
Event: 0,133 Thread 0x6a6acc00 nmethod 1 0xb30735c8 code [0xb30736e0, 0xb307389c]
Event: 0,140 Thread 0x6a6aec00 nmethod 2 0xb3072988 code [0xb3072ac0, 0xb307319c]
Event: 0,160 Thread 0x6a6acc00    3             java.lang.String::hashCode (55 bytes)
Event: 0,161 Thread 0x6a6aec00    4             java.lang.String::indexOf (166 bytes)
Event: 0,163 Thread 0x6a6acc00 nmethod 3 0xb3075f48 code [0xb3076040, 0xb30761d0]
Event: 0,169 Thread 0x6a6aec00 nmethod 4 0xb30743c8 code [0xb30744e0, 0xb30748f0]

GC Heap History (0 events):
No events

Deoptimization events (0 events):
No events

Internal exceptions (10 events):
Event: 0,168 Thread 0xb6409800 Threw 0x9e9e1058 at /build/buildd/openjdk-7-7u71-2.5.3/build/openjdk/hotspot/src/share/vm/prims/jvm.cpp:1284
Event: 0,168 Thread 0xb6409800 Threw 0x9e9e3a90 at /build/buildd/openjdk-7-7u71-2.5.3/build/openjdk/hotspot/src/share/vm/prims/jvm.cpp:1284
Event: 0,170 Thread 0xb6409800 Threw 0x9e9eb250 at /build/buildd/openjdk-7-7u71-2.5.3/build/openjdk/hotspot/src/share/vm/prims/jvm.cpp:1284
Event: 0,170 Thread 0xb6409800 Threw 0x9e9efec0 at /build/buildd/openjdk-7-7u71-2.5.3/build/openjdk/hotspot/src/share/vm/prims/jvm.cpp:1284
Event: 0,171 Thread 0xb6409800 Threw 0x9e9f4b10 at /build/buildd/openjdk-7-7u71-2.5.3/build/openjdk/hotspot/src/share/vm/prims/jvm.cpp:1284
Event: 0,173 Thread 0xb6409800 Threw 0x9ea03b28 at /build/buildd/openjdk-7-7u71-2.5.3/build/openjdk/hotspot/src/share/vm/prims/jvm.cpp:1284
Event: 0,174 Thread 0xb6409800 Threw 0x9ea06be0 at /build/buildd/openjdk-7-7u71-2.5.3/build/openjdk/hotspot/src/share/vm/prims/jvm.cpp:1284
Event: 0,175 Thread 0xb6409800 Threw 0x9ea0e8f8 at /build/buildd/openjdk-7-7u71-2.5.3/build/openjdk/hotspot/src/share/vm/prims/jvm.cpp:1284
Event: 0,176 Thread 0xb6409800 Threw 0x9ea158a8 at /build/buildd/openjdk-7-7u71-2.5.3/build/openjdk/hotspot/src/share/vm/prims/jvm.cpp:1284
Event: 0,176 Thread 0xb6409800 Threw 0x9ea17c38 at /build/buildd/openjdk-7-7u71-2.5.3/build/openjdk/hotspot/src/share/vm/prims/jvm.cpp:1284

Events (10 events):
Event: 88,258 Executing VM operation: GetCurrentLocation
Event: 88,258 Executing VM operation: GetCurrentLocation done
Event: 88,258 Executing VM operation: ChangeSingleStep
Event: 88,258 Executing VM operation: ChangeSingleStep done
Event: 88,259 Executing VM operation: ChangeSingleStep
Event: 88,259 Executing VM operation: ChangeSingleStep done
Event: 88,264 Executing VM operation: GetOrSetLocal
Event: 88,264 Executing VM operation: GetOrSetLocal done
Event: 88,268 Executing VM operation: GetOrSetLocal
Event: 88,268 Executing VM operation: GetOrSetLocal done


Dynamic libraries:
08048000-08049000 r-xp 00000000 08:08 2495396    /usr/lib/jvm/java-7-openjdk-i386/jre/bin/java
08049000-0804a000 r--p 00000000 08:08 2495396    /usr/lib/jvm/java-7-openjdk-i386/jre/bin/java
0804a000-0804b000 rw-p 00001000 08:08 2495396    /usr/lib/jvm/java-7-openjdk-i386/jre/bin/java
082b8000-082d9000 rw-p 00000000 00:00 0          [heap]
699d3000-69be3000 rw-p 00000000 00:00 0 
69be3000-69c1f000 r-xp 00000000 08:08 263609     /lib/i386-linux-gnu/libpcre.so.3.13.1
69c1f000-69c20000 r--p 0003b000 08:08 263609     /lib/i386-linux-gnu/libpcre.so.3.13.1
69c20000-69c21000 rw-p 0003c000 08:08 263609     /lib/i386-linux-gnu/libpcre.so.3.13.1
69c21000-69d2b000 r-xp 00000000 08:08 262764     /lib/i386-linux-gnu/libglib-2.0.so.0.4002.0
69d2b000-69d2c000 r--p 00109000 08:08 262764     /lib/i386-linux-gnu/libglib-2.0.so.0.4002.0
69d2c000-69d2d000 rw-p 0010a000 08:08 262764     /lib/i386-linux-gnu/libglib-2.0.so.0.4002.0
69d2d000-69d7d000 r-xp 00000000 08:08 395113     /usr/lib/i386-linux-gnu/libgobject-2.0.so.0.4002.0
69d7d000-69d7e000 r--p 0004f000 08:08 395113     /usr/lib/i386-linux-gnu/libgobject-2.0.so.0.4002.0
69d7e000-69d7f000 rw-p 00050000 08:08 395113     /usr/lib/i386-linux-gnu/libgobject-2.0.so.0.4002.0
69d7f000-69efc000 r-xp 00000000 08:08 401560     /usr/lib/i386-linux-gnu/libgio-2.0.so.0.4002.0
69efc000-69efe000 r--p 0017d000 08:08 401560     /usr/lib/i386-linux-gnu/libgio-2.0.so.0.4002.0
69efe000-69eff000 rw-p 0017f000 08:08 401560     /usr/lib/i386-linux-gnu/libgio-2.0.so.0.4002.0
69eff000-69f00000 rw-p 00000000 00:00 0 
69f00000-69f46000 rw-p 00000000 00:00 0 
69f46000-6a000000 ---p 00000000 00:00 0 
6a02c000-6a02d000 ---p 00000000 00:00 0 
6a02d000-6a0ad000 rw-p 00000000 00:00 0          [stack:21595]
6a0ad000-6a0b0000 ---p 00000000 00:00 0 
6a0b0000-6a0fe000 rw-p 00000000 00:00 0          [stack:21594]
6a0fe000-6a101000 ---p 00000000 00:00 0 
6a101000-6a17f000 rw-p 00000000 00:00 0          [stack:21593]
6a17f000-6a182000 ---p 00000000 00:00 0 
6a182000-6a200000 rw-p 00000000 00:00 0          [stack:21592]
6a200000-6a221000 rw-p 00000000 00:00 0 
6a221000-6a300000 ---p 00000000 00:00 0 
6a30d000-6a310000 ---p 00000000 00:00 0 
6a310000-6a35e000 rw-p 00000000 00:00 0          [stack:21589]
6a35e000-6a361000 ---p 00000000 00:00 0 
6a361000-6a3af000 rw-p 00000000 00:00 0          [stack:21588]
6a3af000-6a3b2000 ---p 00000000 00:00 0 
6a3b2000-6a400000 rw-p 00000000 00:00 0          [stack:21585]
6a400000-6a421000 rw-p 00000000 00:00 0 
6a421000-6a500000 ---p 00000000 00:00 0 
6a50b000-6a52b000 r-xp 00000000 08:08 263630     /lib/i386-linux-gnu/libselinux.so.1
6a52b000-6a52c000 r--p 0001f000 08:08 263630     /lib/i386-linux-gnu/libselinux.so.1
6a52c000-6a52d000 rw-p 00020000 08:08 263630     /lib/i386-linux-gnu/libselinux.so.1
6a52d000-6a52e000 rw-p 00000000 00:00 0 
6a52e000-6a531000 ---p 00000000 00:00 0 
6a531000-6a57f000 rw-p 00000000 00:00 0          [stack:21583]
6a57f000-6a580000 ---p 00000000 00:00 0 
6a580000-6a600000 rw-p 00000000 00:00 0          [stack:21579]
6a600000-6a6ff000 rw-p 00000000 00:00 0 
6a6ff000-6a700000 ---p 00000000 00:00 0 
6a70a000-6a70d000 ---p 00000000 00:00 0 
6a70d000-6a75b000 rw-p 00000000 00:00 0          [stack:21581]
6a75b000-6a90c000 r--s 01d25000 08:08 1838689    /usr/lib/jvm/java-7-openjdk-i386/jre/lib/rt.jar
6a90c000-6d000000 rw-p 00000000 00:00 0 
6d000000-6d021000 rw-p 00000000 00:00 0 
6d021000-6d100000 ---p 00000000 00:00 0 
6d12e000-6d131000 ---p 00000000 00:00 0 
6d131000-6d17f000 rw-p 00000000 00:00 0          [stack:21580]
6d17f000-6d180000 ---p 00000000 00:00 0 
6d180000-6d200000 rw-p 00000000 00:00 0          [stack:21578]
6d200000-6d221000 rw-p 00000000 00:00 0 
6d221000-6d300000 ---p 00000000 00:00 0 
6d305000-6d318000 r-xp 00000000 08:08 263532     /lib/i386-linux-gnu/libresolv-2.19.so
6d318000-6d319000 ---p 00013000 08:08 263532     /lib/i386-linux-gnu/libresolv-2.19.so
6d319000-6d31a000 r--p 00013000 08:08 263532     /lib/i386-linux-gnu/libresolv-2.19.so
6d31a000-6d31b000 rw-p 00014000 08:08 263532     /lib/i386-linux-gnu/libresolv-2.19.so
6d31b000-6d31d000 rw-p 00000000 00:00 0 
6d31d000-6d334000 r-xp 00000000 08:08 1969967    /usr/lib/jvm/java-7-openjdk-i386/jre/lib/i386/libnet.so
6d334000-6d335000 r--p 00016000 08:08 1969967    /usr/lib/jvm/java-7-openjdk-i386/jre/lib/i386/libnet.so
6d335000-6d336000 rw-p 00017000 08:08 1969967    /usr/lib/jvm/java-7-openjdk-i386/jre/lib/i386/libnet.so
6d336000-6d37f000 rw-p 00000000 00:00 0 
6d37f000-6d380000 ---p 00000000 00:00 0 
6d380000-6d400000 rw-p 00000000 00:00 0          [stack:21577]
6d400000-6d466000 rw-p 00000000 00:00 0 
6d466000-6d500000 ---p 00000000 00:00 0 
6d511000-6d522000 r-xp 00000000 08:08 1969958    /usr/lib/jvm/java-7-openjdk-i386/jre/lib/i386/libnio.so
6d522000-6d523000 r--p 00010000 08:08 1969958    /usr/lib/jvm/java-7-openjdk-i386/jre/lib/i386/libnio.so
6d523000-6d524000 rw-p 00011000 08:08 1969958    /usr/lib/jvm/java-7-openjdk-i386/jre/lib/i386/libnio.so
6d524000-6d57f000 rw-p 00000000 00:00 0 
6d57f000-6d580000 ---p 00000000 00:00 0 
6d580000-6d600000 rw-p 00000000 00:00 0          [stack:21576]
6d600000-6d64f000 rw-p 00000000 00:00 0 
6d64f000-6d700000 ---p 00000000 00:00 0 
6d706000-6d70b000 r-xp 00000000 08:08 394665     /usr/lib/i386-linux-gnu/libffi.so.6.0.1
6d70b000-6d70c000 r--p 00005000 08:08 394665     /usr/lib/i386-linux-gnu/libffi.so.6.0.1
6d70c000-6d70d000 rw-p 00006000 08:08 394665     /usr/lib/i386-linux-gnu/libffi.so.6.0.1
6d70d000-6d70e000 ---p 00000000 00:00 0 
6d70e000-6d796000 rw-p 00000000 00:00 0          [stack:21575]
6d796000-6d7ce000 rw-p 00000000 00:00 0 
6d7ce000-6d7e3000 rw-p 00000000 00:00 0 
6d7e3000-6d915000 rw-p 00000000 00:00 0 
6d915000-6d91d000 rw-p 00000000 00:00 0 
6d91d000-6d955000 rw-p 00000000 00:00 0 
6d955000-6d96a000 rw-p 00000000 00:00 0 
6d96a000-6da9b000 rw-p 00000000 00:00 0 
6da9b000-6daa6000 rw-p 00000000 00:00 0 
6daa6000-6db3f000 rw-p 00000000 00:00 0 
6db3f000-6eb40000 rw-p 00000000 00:00 0 
6eb40000-75b40000 rw-p 00000000 00:00 0 
75b40000-78400000 rw-p 00000000 00:00 0 
78400000-9e880000 rw-p 00000000 00:00 0 
9e880000-9fd00000 rw-p 00000000 00:00 0 
9fd00000-b2f40000 rw-p 00000000 00:00 0 
b2f42000-b2f43000 rw-p 00000000 00:00 0 
b2f43000-b2f46000 r-xp 00000000 08:08 401562     /usr/lib/i386-linux-gnu/libgmodule-2.0.so.0.4002.0
b2f46000-b2f47000 r--p 00002000 08:08 401562     /usr/lib/i386-linux-gnu/libgmodule-2.0.so.0.4002.0
b2f47000-b2f48000 rw-p 00003000 08:08 401562     /usr/lib/i386-linux-gnu/libgmodule-2.0.so.0.4002.0
b2f48000-b2f4c000 r--s 00034000 08:08 1970017    /usr/lib/jvm/java-7-openjdk-i386/jre/lib/ext/sunjce_provider.jar
b2f4c000-b2f50000 r--s 00085000 08:08 1970022    /usr/lib/jvm/java-7-openjdk-i386/jre/lib/ext/localedata.jar
b2f50000-b2f73000 rw-p 00000000 00:00 0 
b2f73000-b302a000 rw-p 00000000 00:00 0 
b302a000-b326a000 rwxp 00000000 00:00 0 
b326a000-b602a000 rw-p 00000000 00:00 0 
b602a000-b6035000 r-xp 00000000 08:08 262864     /lib/i386-linux-gnu/libnss_files-2.19.so
b6035000-b6036000 r--p 0000a000 08:08 262864     /lib/i386-linux-gnu/libnss_files-2.19.so
b6036000-b6037000 rw-p 0000b000 08:08 262864     /lib/i386-linux-gnu/libnss_files-2.19.so
b6037000-b604c000 r-xp 00000000 08:08 263543     /lib/i386-linux-gnu/libnsl-2.19.so
b604c000-b604d000 r--p 00015000 08:08 263543     /lib/i386-linux-gnu/libnsl-2.19.so
b604d000-b604e000 rw-p 00016000 08:08 263543     /lib/i386-linux-gnu/libnsl-2.19.so
b604e000-b6050000 rw-p 00000000 00:00 0 
b6050000-b61c0000 r--p 002cd000 08:08 395808     /usr/lib/locale/locale-archive
b61c0000-b63c0000 r--p 00000000 08:08 395808     /usr/lib/locale/locale-archive
b63c0000-b63fe000 r-xp 00000000 08:08 1969963    /usr/lib/jvm/java-7-openjdk-i386/jre/lib/i386/libjdwp.so
b63fe000-b63ff000 r--p 0003d000 08:08 1969963    /usr/lib/jvm/java-7-openjdk-i386/jre/lib/i386/libjdwp.so
b63ff000-b6400000 rw-p 0003e000 08:08 1969963    /usr/lib/jvm/java-7-openjdk-i386/jre/lib/i386/libjdwp.so
b6400000-b64f9000 rw-p 00000000 00:00 0 
b64f9000-b6500000 ---p 00000000 00:00 0 
b6500000-b650a000 r-xp 00000000 08:08 263548     /lib/i386-linux-gnu/libnss_nis-2.19.so
b650a000-b650b000 r--p 00009000 08:08 263548     /lib/i386-linux-gnu/libnss_nis-2.19.so
b650b000-b650c000 rw-p 0000a000 08:08 263548     /lib/i386-linux-gnu/libnss_nis-2.19.so
b650c000-b650d000 rw-p 00000000 00:00 0 
b650d000-b650e000 r--s 00002000 08:08 1970021    /usr/lib/jvm/java-7-openjdk-i386/jre/lib/ext/dnsns.jar
b650e000-b6511000 r--s 0000f000 08:08 1970018    /usr/lib/jvm/java-7-openjdk-i386/jre/lib/ext/icedtea-sound.jar
b6511000-b6513000 r--s 00006000 08:08 791649     /usr/share/java/java-atk-wrapper.jar
b6513000-b6517000 r--s 0003c000 08:08 1970019    /usr/lib/jvm/java-7-openjdk-i386/jre/lib/ext/sunpkcs11.jar
b6517000-b651b000 r-xp 00000000 08:08 1969999    /usr/lib/jvm/java-7-openjdk-i386/jre/lib/i386/libdt_socket.so
b651b000-b651c000 r--p 00003000 08:08 1969999    /usr/lib/jvm/java-7-openjdk-i386/jre/lib/i386/libdt_socket.so
b651c000-b651d000 rw-p 00004000 08:08 1969999    /usr/lib/jvm/java-7-openjdk-i386/jre/lib/i386/libdt_socket.so
b651d000-b6525000 r-xp 00000000 08:08 1969954    /usr/lib/jvm/java-7-openjdk-i386/jre/lib/i386/libzip.so
b6525000-b6526000 r--p 00007000 08:08 1969954    /usr/lib/jvm/java-7-openjdk-i386/jre/lib/i386/libzip.so
b6526000-b6527000 rw-p 00008000 08:08 1969954    /usr/lib/jvm/java-7-openjdk-i386/jre/lib/i386/libzip.so
b6527000-b652f000 rw-s 00000000 08:08 4728135    /tmp/hsperfdata_mehdi/21568
b652f000-b6556000 r-xp 00000000 08:08 1969952    /usr/lib/jvm/java-7-openjdk-i386/jre/lib/i386/libjava.so
b6556000-b6557000 r--p 00026000 08:08 1969952    /usr/lib/jvm/java-7-openjdk-i386/jre/lib/i386/libjava.so
b6557000-b6558000 rw-p 00027000 08:08 1969952    /usr/lib/jvm/java-7-openjdk-i386/jre/lib/i386/libjava.so
b6558000-b655f000 r-xp 00000000 08:08 263541     /lib/i386-linux-gnu/librt-2.19.so
b655f000-b6560000 r--p 00006000 08:08 263541     /lib/i386-linux-gnu/librt-2.19.so
b6560000-b6561000 rw-p 00007000 08:08 263541     /lib/i386-linux-gnu/librt-2.19.so
b6561000-b6564000 ---p 00000000 00:00 0 
b6564000-b65b2000 rw-p 00000000 00:00 0          [stack:21574]
b65b2000-b65ce000 r-xp 00000000 08:08 263598     /lib/i386-linux-gnu/libgcc_s.so.1
b65ce000-b65cf000 rw-p 0001b000 08:08 263598     /lib/i386-linux-gnu/libgcc_s.so.1
b65cf000-b6613000 r-xp 00000000 08:08 263544     /lib/i386-linux-gnu/libm-2.19.so
b6613000-b6614000 r--p 00043000 08:08 263544     /lib/i386-linux-gnu/libm-2.19.so
b6614000-b6615000 rw-p 00044000 08:08 263544     /lib/i386-linux-gnu/libm-2.19.so
b6615000-b66f1000 r-xp 00000000 08:08 394487     /usr/lib/i386-linux-gnu/libstdc++.so.6.0.19
b66f1000-b66f2000 ---p 000dc000 08:08 394487     /usr/lib/i386-linux-gnu/libstdc++.so.6.0.19
b66f2000-b66f6000 r--p 000dc000 08:08 394487     /usr/lib/i386-linux-gnu/libstdc++.so.6.0.19
b66f6000-b66f7000 rw-p 000e0000 08:08 394487     /usr/lib/i386-linux-gnu/libstdc++.so.6.0.19
b66f7000-b66fe000 rw-p 00000000 00:00 0 
b66fe000-b70e9000 r-xp 00000000 08:08 2495365    /usr/lib/jvm/java-7-openjdk-i386/jre/lib/i386/server/libjvm.so
b70e9000-b70ea000 ---p 009eb000 08:08 2495365    /usr/lib/jvm/java-7-openjdk-i386/jre/lib/i386/server/libjvm.so
b70ea000-b713c000 r--p 009eb000 08:08 2495365    /usr/lib/jvm/java-7-openjdk-i386/jre/lib/i386/server/libjvm.so
b713c000-b7150000 rw-p 00a3d000 08:08 2495365    /usr/lib/jvm/java-7-openjdk-i386/jre/lib/i386/server/libjvm.so
b7150000-b756d000 rw-p 00000000 00:00 0 
b756d000-b7585000 r-xp 00000000 08:08 263508     /lib/i386-linux-gnu/libz.so.1.2.8
b7585000-b7586000 r--p 00017000 08:08 263508     /lib/i386-linux-gnu/libz.so.1.2.8
b7586000-b7587000 rw-p 00018000 08:08 263508     /lib/i386-linux-gnu/libz.so.1.2.8
b7587000-b7588000 rw-p 00000000 00:00 0 
b7588000-b75a0000 r-xp 00000000 08:08 263574     /lib/i386-linux-gnu/libpthread-2.19.so
b75a0000-b75a1000 r--p 00017000 08:08 263574     /lib/i386-linux-gnu/libpthread-2.19.so
b75a1000-b75a2000 rw-p 00018000 08:08 263574     /lib/i386-linux-gnu/libpthread-2.19.so
b75a2000-b75a4000 rw-p 00000000 00:00 0 
b75a4000-b75a7000 r-xp 00000000 08:08 263591     /lib/i386-linux-gnu/libdl-2.19.so
b75a7000-b75a8000 r--p 00002000 08:08 263591     /lib/i386-linux-gnu/libdl-2.19.so
b75a8000-b75a9000 rw-p 00003000 08:08 263591     /lib/i386-linux-gnu/libdl-2.19.so
b75a9000-b7752000 r-xp 00000000 08:08 263554     /lib/i386-linux-gnu/libc-2.19.so
b7752000-b7753000 ---p 001a9000 08:08 263554     /lib/i386-linux-gnu/libc-2.19.so
b7753000-b7755000 r--p 001a9000 08:08 263554     /lib/i386-linux-gnu/libc-2.19.so
b7755000-b7756000 rw-p 001ab000 08:08 263554     /lib/i386-linux-gnu/libc-2.19.so
b7756000-b7759000 rw-p 00000000 00:00 0 
b7759000-b775b000 r--s 00012000 08:08 1970020    /usr/lib/jvm/java-7-openjdk-i386/jre/lib/ext/zipfs.jar
b775b000-b7762000 r-xp 00000000 08:08 263476     /lib/i386-linux-gnu/libnss_compat-2.19.so
b7762000-b7763000 r--p 00006000 08:08 263476     /lib/i386-linux-gnu/libnss_compat-2.19.so
b7763000-b7764000 rw-p 00007000 08:08 263476     /lib/i386-linux-gnu/libnss_compat-2.19.so
b7764000-b7765000 r--p 0056f000 08:08 395808     /usr/lib/locale/locale-archive
b7765000-b7768000 r-xp 00000000 08:08 1969962    /usr/lib/jvm/java-7-openjdk-i386/jre/lib/i386/libnpt.so
b7768000-b7769000 r--p 00002000 08:08 1969962    /usr/lib/jvm/java-7-openjdk-i386/jre/lib/i386/libnpt.so
b7769000-b776a000 rw-p 00003000 08:08 1969962    /usr/lib/jvm/java-7-openjdk-i386/jre/lib/i386/libnpt.so
b776a000-b776b000 rw-p 00000000 00:00 0 
b776b000-b776c000 r--p 00000000 00:00 0 
b776c000-b777a000 r-xp 00000000 08:08 1969995    /usr/lib/jvm/java-7-openjdk-i386/jre/lib/i386/libverify.so
b777a000-b777b000 r--p 0000d000 08:08 1969995    /usr/lib/jvm/java-7-openjdk-i386/jre/lib/i386/libverify.so
b777b000-b777c000 rw-p 0000e000 08:08 1969995    /usr/lib/jvm/java-7-openjdk-i386/jre/lib/i386/libverify.so
b777c000-b7788000 r-xp 00000000 08:08 2363954    /usr/lib/jvm/java-7-openjdk-i386/jre/lib/i386/jli/libjli.so
b7788000-b7789000 r--p 0000c000 08:08 2363954    /usr/lib/jvm/java-7-openjdk-i386/jre/lib/i386/jli/libjli.so
b7789000-b778a000 rw-p 0000d000 08:08 2363954    /usr/lib/jvm/java-7-openjdk-i386/jre/lib/i386/jli/libjli.so
b778a000-b778d000 rw-p 00000000 00:00 0 
b778d000-b778e000 r-xp 00000000 00:00 0          [vdso]
b778e000-b77ae000 r-xp 00000000 08:08 263590     /lib/i386-linux-gnu/ld-2.19.so
b77ae000-b77af000 r--p 0001f000 08:08 263590     /lib/i386-linux-gnu/ld-2.19.so
b77af000-b77b0000 rw-p 00020000 08:08 263590     /lib/i386-linux-gnu/ld-2.19.so
bfd77000-bfd78000 rwxp 00000000 00:00 0 
bfda9000-bfdcb000 rw-p 00000000 00:00 0          [stack]

VM Arguments:
jvm_args: -agentlib:jdwp=transport=dt_socket,suspend=y,address=localhost:52561 -Dfile.encoding=UTF-8 
java_command: org.cloudbus.cloudsim.examples.CloudSimExample1
Launcher Type: SUN_STANDARD

Environment Variables:
PATH=/usr/local/sbin:/usr/local/bin:/usr/sbin:/usr/bin:/sbin:/bin:/usr/games:/usr/local/games
LD_LIBRARY_PATH=/usr/lib/jvm/java-7-openjdk-i386/jre/lib/i386/server:/usr/lib/jvm/java-7-openjdk-i386/jre/lib/i386:/usr/lib/jvm/java-7-openjdk-i386/jre/../lib/i386:/usr/lib/jvm/java-7-openjdk-i386/jre/lib/i386/client:/usr/lib/jvm/java-7-openjdk-i386/jre/lib/i386:
SHELL=/bin/bash
DISPLAY=:0.0

Signal Handlers:
SIGSEGV: [libjvm.so+0x80a5e0], sa_mask[0]=0x7ffbfeff, sa_flags=0x10000004
SIGBUS: [libjvm.so+0x80a5e0], sa_mask[0]=0x7ffbfeff, sa_flags=0x10000004
SIGFPE: [libjvm.so+0x6844f0], sa_mask[0]=0x7ffbfeff, sa_flags=0x10000004
SIGPIPE: [libjvm.so+0x6844f0], sa_mask[0]=0x7ffbfeff, sa_flags=0x10000004
SIGXFSZ: [libjvm.so+0x6844f0], sa_mask[0]=0x7ffbfeff, sa_flags=0x10000004
SIGILL: [libjvm.so+0x6844f0], sa_mask[0]=0x7ffbfeff, sa_flags=0x10000004
SIGUSR1: SIG_DFL, sa_mask[0]=0x00000000, sa_flags=0x00000000
SIGUSR2: [libjvm.so+0x684380], sa_mask[0]=0x00000004, sa_flags=0x10000004
SIGHUP: [libjvm.so+0x6845b0], sa_mask[0]=0x7ffbfeff, sa_flags=0x10000004
SIGINT: [libjvm.so+0x6845b0], sa_mask[0]=0x7ffbfeff, sa_flags=0x10000004
SIGTERM: [libjvm.so+0x6845b0], sa_mask[0]=0x7ffbfeff, sa_flags=0x10000004
SIGQUIT: [libjvm.so+0x6845b0], sa_mask[0]=0x7ffbfeff, sa_flags=0x10000004
SIGTRAP: SIG_DFL, sa_mask[0]=0x00000000, sa_flags=0x00000000


---------------  S Y S T E M  ---------------

OS:Ubuntu 14.04 (trusty)
uname:Linux 3.13.0-40-generic #69-Ubuntu SMP Thu Nov 13 17:56:26 UTC 2014 i686
libc:glibc 2.19 NPTL 2.19 
rlimit: STACK 8192k, CORE 0k, NPROC 31168, NOFILE 4096, AS infinity
load average:1,18 1,10 0,82

/proc/meminfo:
MemTotal:        4008732 kB
MemFree:          249008 kB
Buffers:          114188 kB
Cached:          1610148 kB
SwapCached:         9436 kB
Active:          2337644 kB
Inactive:        1000632 kB
Active(anon):    1167040 kB
Inactive(anon):   551016 kB
Active(file):    1170604 kB
Inactive(file):   449616 kB
Unevictable:          32 kB
Mlocked:              32 kB
HighTotal:       3161560 kB
HighFree:          79076 kB
LowTotal:         847172 kB
LowFree:          169932 kB
SwapTotal:       2141596 kB
SwapFree:        2057544 kB
Dirty:              1468 kB
Writeback:             0 kB
AnonPages:       1605428 kB
Mapped:           224284 kB
Shmem:            103980 kB
Slab:             357428 kB
SReclaimable:     328704 kB
SUnreclaim:        28724 kB
KernelStack:        5976 kB
PageTables:        17244 kB
NFS_Unstable:          0 kB
Bounce:                0 kB
WritebackTmp:          0 kB
CommitLimit:     4145960 kB
Committed_AS:    6238652 kB
VmallocTotal:     122880 kB
VmallocUsed:       34428 kB
VmallocChunk:      85596 kB
HardwareCorrupted:     0 kB
AnonHugePages:    442368 kB
HugePages_Total:       0
HugePages_Free:        0
HugePages_Rsvd:        0
HugePages_Surp:        0
Hugepagesize:       2048 kB
DirectMap4k:       79864 kB
DirectMap2M:      831488 kB


CPU:total 4 (2 cores per cpu, 2 threads per core) family 6 model 42 stepping 7, cmov, cx8, fxsr, mmx, sse, sse2, sse3, ssse3, sse4.1, sse4.2, popcnt, avx, aes, ht, tsc, tscinvbit

/proc/cpuinfo:
processor	: 0
vendor_id	: GenuineIntel
cpu family	: 6
model		: 42
model name	: Intel(R) Core(TM) i5-2540M CPU @ 2.60GHz
stepping	: 7
microcode	: 0x1a
cpu MHz		: 1200.000
cache size	: 3072 KB
physical id	: 0
siblings	: 4
core id		: 0
cpu cores	: 2
apicid		: 0
initial apicid	: 0
fdiv_bug	: no
f00f_bug	: no
coma_bug	: no
fpu		: yes
fpu_exception	: yes
cpuid level	: 13
wp		: yes
flags		: fpu vme de pse tsc msr pae mce cx8 apic sep mtrr pge mca cmov pat pse36 clflush dts acpi mmx fxsr sse sse2 ss ht tm pbe nx rdtscp lm constant_tsc arch_perfmon pebs bts xtopology nonstop_tsc aperfmperf eagerfpu pni pclmulqdq dtes64 monitor ds_cpl vmx smx est tm2 ssse3 cx16 xtpr pdcm pcid sse4_1 sse4_2 x2apic popcnt tsc_deadline_timer aes xsave avx lahf_lm ida arat epb xsaveopt pln pts dtherm tpr_shadow vnmi flexpriority ept vpid
bogomips	: 5188.25
clflush size	: 64
cache_alignment	: 64
address sizes	: 36 bits physical, 48 bits virtual
power management:

processor	: 1
vendor_id	: GenuineIntel
cpu family	: 6
model		: 42
model name	: Intel(R) Core(TM) i5-2540M CPU @ 2.60GHz
stepping	: 7
microcode	: 0x1a
cpu MHz		: 2601.000
cache size	: 3072 KB
physical id	: 0
siblings	: 4
core id		: 1
cpu cores	: 2
apicid		: 2
initial apicid	: 2
fdiv_bug	: no
f00f_bug	: no
coma_bug	: no
fpu		: yes
fpu_exception	: yes
cpuid level	: 13
wp		: yes
flags		: fpu vme de pse tsc msr pae mce cx8 apic sep mtrr pge mca cmov pat pse36 clflush dts acpi mmx fxsr sse sse2 ss ht tm pbe nx rdtscp lm constant_tsc arch_perfmon pebs bts xtopology nonstop_tsc aperfmperf eagerfpu pni pclmulqdq dtes64 monitor ds_cpl vmx smx est tm2 ssse3 cx16 xtpr pdcm pcid sse4_1 sse4_2 x2apic popcnt tsc_deadline_timer aes xsave avx lahf_lm ida arat epb xsaveopt pln pts dtherm tpr_shadow vnmi flexpriority ept vpid
bogomips	: 5188.25
clflush size	: 64
cache_alignment	: 64
address sizes	: 36 bits physical, 48 bits virtual
power management:

processor	: 2
vendor_id	: GenuineIntel
cpu family	: 6
model		: 42
model name	: Intel(R) Core(TM) i5-2540M CPU @ 2.60GHz
stepping	: 7
microcode	: 0x1a
cpu MHz		: 800.000
cache size	: 3072 KB
physical id	: 0
siblings	: 4
core id		: 0
cpu cores	: 2
apicid		: 1
initial apicid	: 1
fdiv_bug	: no
f00f_bug	: no
coma_bug	: no
fpu		: yes
fpu_exception	: yes
cpuid level	: 13
wp		: yes
flags		: fpu vme de pse tsc msr pae mce cx8 apic sep mtrr pge mca cmov pat pse36 clflush dts acpi mmx fxsr sse sse2 ss ht tm pbe nx rdtscp lm constant_tsc arch_perfmon pebs bts xtopology nonstop_tsc aperfmperf eagerfpu pni pclmulqdq dtes64 monitor ds_cpl vmx smx est tm2 ssse3 cx16 xtpr pdcm pcid sse4_1 sse4_2 x2apic popcnt tsc_deadline_timer aes xsave avx lahf_lm ida arat epb xsaveopt pln pts dtherm tpr_shadow vnmi flexpriority ept vpid
bogomips	: 5188.25
clflush size	: 64
cache_alignment	: 64
address sizes	: 36 bits physical, 48 bits virtual
power management:

processor	: 3
vendor_id	: GenuineIntel
cpu family	: 6
model		: 42
model name	: Intel(R) Core(TM) i5-2540M CPU @ 2.60GHz
stepping	: 7
microcode	: 0x1a
cpu MHz		: 2601.000
cache size	: 3072 KB
physical id	: 0
siblings	: 4
core id		: 1
cpu cores	: 2
apicid		: 3
initial apicid	: 3
fdiv_bug	: no
f00f_bug	: no
coma_bug	: no
fpu		: yes
fpu_exception	: yes
cpuid level	: 13
wp		: yes
flags		: fpu vme de pse tsc msr pae mce cx8 apic sep mtrr pge mca cmov pat pse36 clflush dts acpi mmx fxsr sse sse2 ss ht tm pbe nx rdtscp lm constant_tsc arch_perfmon pebs bts xtopology nonstop_tsc aperfmperf eagerfpu pni pclmulqdq dtes64 monitor ds_cpl vmx smx est tm2 ssse3 cx16 xtpr pdcm pcid sse4_1 sse4_2 x2apic popcnt tsc_deadline_timer aes xsave avx lahf_lm ida arat epb xsaveopt pln pts dtherm tpr_shadow vnmi flexpriority ept vpid
bogomips	: 5188.25
clflush size	: 64
cache_alignment	: 64
address sizes	: 36 bits physical, 48 bits virtual
power management:



Memory: 4k page, physical 4008732k(249008k free), swap 2141596k(2057544k free)

vm_info: OpenJDK Server VM (24.65-b04) for linux-x86 JRE (1.7.0_65-b32), built on Oct 22 2014 04:44:59 by "buildd" with gcc 4.8.2

time: Sun Jun 21 14:57:53 2015
elapsed time: 88 seconds

